SF:lib/pages/widgets/home_app_bar.dart
DA:4,1
DA:6,1
DA:8,1
DA:9,1
DA:23,0
LF:5
LH:4
end_of_record
SF:lib/pages/widgets/chat_app_bar.dart
DA:7,1
DA:13,1
DA:15,1
DA:18,1
DA:20,1
DA:21,1
DA:25,1
DA:26,1
DA:31,1
DA:32,1
DA:33,1
DA:35,1
DA:45,1
DA:46,1
DA:48,1
DA:50,1
DA:51,0
DA:53,0
DA:56,1
DA:62,2
DA:63,1
DA:65,1
DA:67,1
DA:68,2
DA:74,1
DA:91,0
LF:26
LH:23
end_of_record
SF:lib/pages/widgets/chat_bubble.dart
DA:7,1
DA:13,1
DA:15,1
DA:16,1
DA:17,1
DA:19,1
DA:20,1
DA:21,2
DA:22,1
DA:29,1
DA:32,1
DA:33,4
DA:35,1
DA:36,3
DA:37,1
DA:39,1
DA:40,1
DA:41,1
DA:42,1
LF:19
LH:19
end_of_record
SF:lib/pages/widgets/mood_chart.dart
DA:6,1
DA:11,1
DA:13,1
DA:15,1
DA:17,1
DA:19,1
DA:21,1
DA:28,1
DA:29,2
DA:30,1
DA:33,1
DA:34,3
DA:35,2
DA:36,2
DA:37,1
DA:38,1
DA:40,2
DA:41,2
DA:42,2
DA:43,1
DA:46,2
DA:47,1
DA:48,1
DA:49,2
DA:50,1
DA:54,1
DA:55,1
DA:56,1
DA:59,1
DA:62,1
DA:77,2
DA:80,1
DA:81,2
DA:82,2
DA:83,2
DA:84,2
DA:85,2
DA:86,1
DA:89,2
DA:90,3
DA:91,3
DA:93,7
DA:96,1
DA:98,1
DA:100,1
DA:102,1
DA:104,1
DA:107,1
DA:110,1
DA:113,2
LF:50
LH:50
end_of_record
SF:lib/pages/widgets/login_background.dart
DA:4,1
DA:6,1
DA:8,2
DA:9,1
DA:10,1
LF:5
LH:5
end_of_record
SF:lib/pages/widgets/activity_map.dart
DA:6,1
DA:11,1
DA:12,1
DA:14,1
DA:16,1
DA:18,1
DA:21,1
DA:25,1
DA:27,2
DA:31,2
DA:32,2
DA:33,2
DA:34,2
DA:35,1
DA:38,1
DA:46,1
DA:47,1
DA:48,1
DA:49,1
DA:50,1
DA:51,1
DA:52,1
DA:54,1
LF:23
LH:23
end_of_record
SF:lib/pages/widgets/message_input.dart
DA:10,1
DA:19,1
DA:21,1
DA:23,1
DA:24,1
DA:25,1
DA:26,1
DA:28,1
DA:30,1
DA:34,1
DA:35,1
DA:43,1
DA:44,1
DA:45,1
DA:46,1
DA:48,1
DA:50,1
DA:52,2
LF:18
LH:18
end_of_record
SF:lib/pages/widgets/login_form.dart
DA:11,1
DA:21,1
DA:23,1
DA:25,1
DA:27,1
DA:29,1
DA:31,1
DA:33,1
DA:35,1
DA:45,1
DA:47,1
DA:49,1
DA:52,1
DA:53,1
DA:59,1
DA:61,1
DA:63,1
DA:67,1
DA:68,1
DA:74,2
DA:75,1
DA:77,1
DA:79,1
DA:84,1
DA:85,1
DA:86,1
DA:88,1
DA:90,1
DA:91,1
DA:93,1
DA:94,1
DA:104,1
DA:106,1
DA:107,1
LF:34
LH:34
end_of_record
